<?xml version="1.0" encoding="UTF-8"?>
<robot generator="Robot 7.1.1 (Python 3.13.0 on win32)" generated="2024-11-10T11:33:26.945831" rpa="false" schemaversion="5">
<suite id="s1" name="TC02" source="c:\Users\DARM\Vs code projects\Estudos Robot\atividade registro e deleção de funcionarcio\Tests\TC02.robot">
<test id="s1-t1" name="I Register a new Employe" line="7">
<kw name="I access opensource" owner="Login_Steps" type="SETUP">
<kw name="Open Browser" owner="SeleniumLibrary">
<msg time="2024-11-10T11:33:27.192931" level="INFO">Opening browser 'chrome' to base url 'https://opensource-demo.orangehrmlive.com/'.</msg>
<arg>${URL}</arg>
<arg>${Browser}</arg>
<doc>Opens a new browser instance to the optional ``url``.</doc>
<status status="PASS" start="2024-11-10T11:33:27.192662" elapsed="4.680316"/>
</kw>
<kw name="Maximize Browser Window" owner="SeleniumLibrary">
<doc>Maximizes current browser window.</doc>
<status status="PASS" start="2024-11-10T11:33:31.873678" elapsed="0.022449"/>
</kw>
<status status="PASS" start="2024-11-10T11:33:27.191909" elapsed="4.704515"/>
</kw>
<kw name="Given Click on PIM Element" owner="Register_Employe_Steps">
<kw name="Get login data" owner="Login_Steps">
<kw name="Wait Until Element Is Visible" owner="SeleniumLibrary">
<arg>${Login.Login_Value}</arg>
<arg>10s</arg>
<doc>Waits until the element ``locator`` is visible.</doc>
<status status="PASS" start="2024-11-10T11:33:31.898500" elapsed="0.248777"/>
</kw>
<kw name="Get Text" owner="SeleniumLibrary">
<msg time="2024-11-10T11:33:32.164988" level="INFO">${Username_Field} = Username : Admin</msg>
<var>${Username_Field}</var>
<arg>${Login.Login_Value}</arg>
<doc>Returns the text value of the element identified by ``locator``.</doc>
<status status="PASS" start="2024-11-10T11:33:32.147640" elapsed="0.017710"/>
</kw>
<kw name="Get Text" owner="SeleniumLibrary">
<msg time="2024-11-10T11:33:32.182475" level="INFO">${Password_Field} = Password : admin123</msg>
<var>${Password_Field}</var>
<arg>${Login.Password_Value}</arg>
<doc>Returns the text value of the element identified by ``locator``.</doc>
<status status="PASS" start="2024-11-10T11:33:32.165758" elapsed="0.016919"/>
</kw>
<kw name="Replace String" owner="String">
<msg time="2024-11-10T11:33:32.183807" level="INFO">${Username_to_login} = Admin</msg>
<var>${Username_to_login}</var>
<arg>${Username_Field}</arg>
<arg>${USERNAME_PATTERN}</arg>
<arg>${EMPTY}</arg>
<doc>Replaces ``search_for`` in the given ``string`` with ``replace_with``.</doc>
<status status="PASS" start="2024-11-10T11:33:32.182896" elapsed="0.001078"/>
</kw>
<kw name="Replace String" owner="String">
<msg time="2024-11-10T11:33:32.185202" level="INFO">${Password_to_login} = admin123</msg>
<var>${Password_to_login}</var>
<arg>${Password_Field}</arg>
<arg>${PASSWORD_PATTERN}</arg>
<arg>${EMPTY}</arg>
<doc>Replaces ``search_for`` in the given ``string`` with ``replace_with``.</doc>
<status status="PASS" start="2024-11-10T11:33:32.184185" elapsed="0.001250"/>
</kw>
<kw name="Set Global Variable" owner="BuiltIn">
<msg time="2024-11-10T11:33:32.186111" level="INFO">${Password_to_login} = admin123</msg>
<arg>${Password_to_login}</arg>
<doc>Makes a variable available globally in all tests and suites.</doc>
<status status="PASS" start="2024-11-10T11:33:32.185740" elapsed="0.000557"/>
</kw>
<kw name="Set Global Variable" owner="BuiltIn">
<msg time="2024-11-10T11:33:32.186869" level="INFO">${Username_to_login} = Admin</msg>
<arg>${Username_to_login}</arg>
<doc>Makes a variable available globally in all tests and suites.</doc>
<status status="PASS" start="2024-11-10T11:33:32.186534" elapsed="0.001088"/>
</kw>
<status status="PASS" start="2024-11-10T11:33:31.897948" elapsed="0.289838"/>
</kw>
<kw name="I Log in" owner="Login_Steps">
<kw name="Wait Until Element Is Visible" owner="SeleniumLibrary">
<arg>${Login.Username_Field}</arg>
<arg>10s</arg>
<doc>Waits until the element ``locator`` is visible.</doc>
<status status="PASS" start="2024-11-10T11:33:32.188300" elapsed="0.019772"/>
</kw>
<kw name="Input Text" owner="SeleniumLibrary">
<msg time="2024-11-10T11:33:32.209461" level="INFO">Typing text 'Admin' into text field '//input[@placeholder='Username']'.</msg>
<arg>${Login.Username_Field}</arg>
<arg>${Username_to_login}</arg>
<doc>Types the given ``text`` into the text field identified by ``locator``.</doc>
<status status="PASS" start="2024-11-10T11:33:32.208463" elapsed="0.070255"/>
</kw>
<kw name="Input Text" owner="SeleniumLibrary">
<msg time="2024-11-10T11:33:32.279609" level="INFO">Typing text 'admin123' into text field '//input[@placeholder='Password']'.</msg>
<arg>${Login.Password_Field}</arg>
<arg>${Password_to_login}</arg>
<doc>Types the given ``text`` into the text field identified by ``locator``.</doc>
<status status="PASS" start="2024-11-10T11:33:32.279021" elapsed="0.095124"/>
</kw>
<kw name="Click Element" owner="SeleniumLibrary">
<msg time="2024-11-10T11:33:32.375026" level="INFO">Clicking element '//button[@class='oxd-button oxd-button--medium oxd-button--main orangehrm-login-button']'.</msg>
<arg>${Login.Login_Button}</arg>
<doc>Click the element identified by ``locator``.</doc>
<status status="PASS" start="2024-11-10T11:33:32.374456" elapsed="0.803192"/>
</kw>
<status status="PASS" start="2024-11-10T11:33:32.187995" elapsed="0.990199"/>
</kw>
<kw name="Wait Until Element Is Visible" owner="SeleniumLibrary">
<arg>${Register.PIM_Element}</arg>
<doc>Waits until the element ``locator`` is visible.</doc>
<status status="PASS" start="2024-11-10T11:33:33.178537" elapsed="0.228919"/>
</kw>
<kw name="Click Element" owner="SeleniumLibrary">
<msg time="2024-11-10T11:33:33.408169" level="INFO">Clicking element '//span[contains(., 'PIM')]'.</msg>
<arg>${Register.PIM_Element}</arg>
<doc>Click the element identified by ``locator``.</doc>
<status status="PASS" start="2024-11-10T11:33:33.407693" elapsed="0.695980"/>
</kw>
<status status="PASS" start="2024-11-10T11:33:31.897164" elapsed="2.206857"/>
</kw>
<kw name="And I click in add button" owner="Register_Employe_Steps">
<kw name="Wait Until Element Is Visible" owner="SeleniumLibrary">
<arg>${Register.Add_Button}</arg>
<doc>Waits until the element ``locator`` is visible.</doc>
<status status="PASS" start="2024-11-10T11:33:34.104998" elapsed="0.228210"/>
</kw>
<kw name="Click Element" owner="SeleniumLibrary">
<msg time="2024-11-10T11:33:34.333904" level="INFO">Clicking element '//button[@class='oxd-button oxd-button--medium oxd-button--secondary']'.</msg>
<arg>${Register.Add_Button}</arg>
<doc>Click the element identified by ``locator``.</doc>
<status status="PASS" start="2024-11-10T11:33:34.333450" elapsed="0.362688"/>
</kw>
<kw name="Sleep" owner="BuiltIn">
<msg time="2024-11-10T11:33:35.697304" level="INFO">Slept 1 second.</msg>
<arg>1s</arg>
<doc>Pauses the test executed for the given time.</doc>
<status status="PASS" start="2024-11-10T11:33:34.696366" elapsed="1.001464"/>
</kw>
<status status="PASS" start="2024-11-10T11:33:34.104610" elapsed="1.593618"/>
</kw>
<kw name="And I fill up all fields including login details fields" owner="Register_Employe_Steps">
<kw name="Wait Until Element Is Visible" owner="SeleniumLibrary">
<arg>${Register.First_Name_Field}</arg>
<doc>Waits until the element ``locator`` is visible.</doc>
<status status="PASS" start="2024-11-10T11:33:35.701062" elapsed="0.034598"/>
</kw>
<kw name="Input Text" owner="SeleniumLibrary">
<msg time="2024-11-10T11:33:35.737410" level="INFO">Typing text 'Edward' into text field '//input[@name='firstName']'.</msg>
<arg>${Register.First_Name_Field}</arg>
<arg>${FirstName}</arg>
<doc>Types the given ``text`` into the text field identified by ``locator``.</doc>
<status status="PASS" start="2024-11-10T11:33:35.736155" elapsed="0.070283"/>
</kw>
<kw name="Input Text" owner="SeleniumLibrary">
<msg time="2024-11-10T11:33:35.807169" level="INFO">Typing text 'Sheeran' into text field '//input[@name='middleName']'.</msg>
<arg>${Register.Middle_Name_Field}</arg>
<arg>${MiddleName}</arg>
<doc>Types the given ``text`` into the text field identified by ``locator``.</doc>
<status status="PASS" start="2024-11-10T11:33:35.806677" elapsed="0.060042"/>
</kw>
<kw name="Input Text" owner="SeleniumLibrary">
<msg time="2024-11-10T11:33:35.867587" level="INFO">Typing text 'Silva' into text field '//input[@name='lastName']'.</msg>
<arg>${Register.Last_Name_Field}</arg>
<arg>${LastName}</arg>
<doc>Types the given ``text`` into the text field identified by ``locator``.</doc>
<status status="PASS" start="2024-11-10T11:33:35.867088" elapsed="0.052426"/>
</kw>
<kw name="Sleep" owner="BuiltIn">
<msg time="2024-11-10T11:33:36.920526" level="INFO">Slept 1 second.</msg>
<arg>1s</arg>
<doc>Pauses the test executed for the given time.</doc>
<status status="PASS" start="2024-11-10T11:33:35.919752" elapsed="1.001277"/>
</kw>
<kw name="Click Element" owner="SeleniumLibrary">
<msg time="2024-11-10T11:33:36.922611" level="INFO">Clicking element '//span[@class='oxd-switch-input oxd-switch-input--active --label-right']'.</msg>
<arg>${Register.Login_Details_Checkbox}</arg>
<doc>Click the element identified by ``locator``.</doc>
<status status="PASS" start="2024-11-10T11:33:36.921469" elapsed="0.068634"/>
</kw>
<kw name="Sleep" owner="BuiltIn">
<msg time="2024-11-10T11:33:37.991062" level="INFO">Slept 1 second.</msg>
<arg>1s</arg>
<doc>Pauses the test executed for the given time.</doc>
<status status="PASS" start="2024-11-10T11:33:36.990364" elapsed="1.001169"/>
</kw>
<kw name="Input Text" owner="SeleniumLibrary">
<msg time="2024-11-10T11:33:37.993171" level="INFO">Typing text 'teste@gmail.com' into text field '(//input[@class='oxd-input oxd-input--active' and @autocomplete='off'])[1]'.</msg>
<arg>${Register.Username_Field}</arg>
<arg>${Username}</arg>
<doc>Types the given ``text`` into the text field identified by ``locator``.</doc>
<status status="PASS" start="2024-11-10T11:33:37.991946" elapsed="0.135773"/>
</kw>
<kw name="Input Text" owner="SeleniumLibrary">
<msg time="2024-11-10T11:33:38.128609" level="INFO">Typing text '123456abc' into text field '//*[@id="app"]/div[1]/div[2]/div[2]/div/div/form/div[1]/div[2]/div[4]/div/div[1]/div/div[2]/input'.</msg>
<arg>${Register.Password_Field}</arg>
<arg>${Password}</arg>
<arg>10s</arg>
<doc>Types the given ``text`` into the text field identified by ``locator``.</doc>
<status status="PASS" start="2024-11-10T11:33:38.128019" elapsed="0.081261"/>
</kw>
<kw name="Input Text" owner="SeleniumLibrary">
<msg time="2024-11-10T11:33:38.210264" level="INFO">Typing text '123456abc' into text field '//*[@id="app"]/div[1]/div[2]/div[2]/div/div/form/div[1]/div[2]/div[4]/div/div[2]/div/div[2]/input'.</msg>
<arg>${Register.Confirm_Password_Field}</arg>
<arg>${Password}</arg>
<doc>Types the given ``text`` into the text field identified by ``locator``.</doc>
<status status="PASS" start="2024-11-10T11:33:38.209609" elapsed="0.083062"/>
</kw>
<kw name="Sleep" owner="BuiltIn">
<msg time="2024-11-10T11:33:39.293964" level="INFO">Slept 1 second.</msg>
<arg>1s</arg>
<doc>Pauses the test executed for the given time.</doc>
<status status="PASS" start="2024-11-10T11:33:38.293020" elapsed="1.001346"/>
</kw>
<status status="PASS" start="2024-11-10T11:33:35.700475" elapsed="3.594137"/>
</kw>
<kw name="And I upload profile photo" owner="Register_Employe_Steps">
<kw name="Choose File" owner="SeleniumLibrary">
<msg time="2024-11-10T11:33:39.298479" level="INFO">Sending C:\Users\DARM\Vs code projects\Estudos Robot\atividade registro e deleção de funcionarcio\Resource\gato.png to browser.</msg>
<arg>${Register.Upload_File_Div}</arg>
<arg>${EXECDIR}//Resource//gato.png</arg>
<doc>Inputs the ``file_path`` into the file input field ``locator``.</doc>
<status status="PASS" start="2024-11-10T11:33:39.297392" elapsed="0.101214"/>
</kw>
<kw name="Sleep" owner="BuiltIn">
<msg time="2024-11-10T11:33:40.400138" level="INFO">Slept 1 second.</msg>
<arg>1s</arg>
<doc>Pauses the test executed for the given time.</doc>
<status status="PASS" start="2024-11-10T11:33:39.399251" elapsed="1.001450"/>
</kw>
<status status="PASS" start="2024-11-10T11:33:39.296766" elapsed="1.104305"/>
</kw>
<kw name="And I click in save submit button" owner="Register_Employe_Steps">
<kw name="Click Button" owner="SeleniumLibrary">
<msg time="2024-11-10T11:33:40.403979" level="INFO">Clicking button '//button[@type='submit']'.</msg>
<arg>${Register.Save_Submit_Button}</arg>
<doc>Clicks the button identified by ``locator``.</doc>
<status status="PASS" start="2024-11-10T11:33:40.402992" elapsed="0.093991"/>
</kw>
<kw name="Sleep" owner="BuiltIn">
<msg time="2024-11-10T11:33:41.498036" level="INFO">Slept 1 second.</msg>
<arg>1s</arg>
<doc>Pauses the test executed for the given time.</doc>
<status status="PASS" start="2024-11-10T11:33:40.497409" elapsed="1.001105"/>
</kw>
<status status="PASS" start="2024-11-10T11:33:40.402303" elapsed="1.096531"/>
</kw>
<kw name="And I fill up all other fields" owner="Register_Employe_Steps">
<kw name="Wait Until Element Is Visible" owner="SeleniumLibrary">
<arg>${Register.Others_Id_Field}</arg>
<arg>10S</arg>
<doc>Waits until the element ``locator`` is visible.</doc>
<status status="PASS" start="2024-11-10T11:33:41.506833" elapsed="0.060245"/>
</kw>
<kw name="Sleep" owner="BuiltIn">
<msg time="2024-11-10T11:33:51.568375" level="INFO">Slept 10 seconds.</msg>
<arg>10s</arg>
<doc>Pauses the test executed for the given time.</doc>
<status status="PASS" start="2024-11-10T11:33:41.567386" elapsed="10.001468"/>
</kw>
<kw name="Input Text" owner="SeleniumLibrary">
<msg time="2024-11-10T11:33:51.570295" level="INFO">Typing text '123456' into text field '(//input[@class='oxd-input oxd-input--active'])[3]'.</msg>
<arg>${Register.Others_Id_Field}</arg>
<arg>${OtherId}</arg>
<doc>Types the given ``text`` into the text field identified by ``locator``.</doc>
<status status="PASS" start="2024-11-10T11:33:51.569219" elapsed="0.131942"/>
</kw>
<kw name="Sleep" owner="BuiltIn">
<msg time="2024-11-10T11:33:52.703351" level="INFO">Slept 1 second.</msg>
<arg>1s</arg>
<doc>Pauses the test executed for the given time.</doc>
<status status="PASS" start="2024-11-10T11:33:51.701788" elapsed="1.003409"/>
</kw>
<kw name="Input Text" owner="SeleniumLibrary">
<msg time="2024-11-10T11:33:52.707452" level="INFO">Typing text '87654321' into text field '(//input[@class='oxd-input oxd-input--active'])[4]'.</msg>
<arg>${Register.Driver_License_Field}</arg>
<arg>${DriversLicenseNumber}</arg>
<doc>Types the given ``text`` into the text field identified by ``locator``.</doc>
<status status="PASS" start="2024-11-10T11:33:52.705969" elapsed="0.185438"/>
</kw>
<kw name="Sleep" owner="BuiltIn">
<msg time="2024-11-10T11:33:53.892367" level="INFO">Slept 1 second.</msg>
<arg>1s</arg>
<doc>Pauses the test executed for the given time.</doc>
<status status="PASS" start="2024-11-10T11:33:52.891713" elapsed="1.001323"/>
</kw>
<kw name="Wait Until Element Is Visible" owner="SeleniumLibrary">
<arg>${Register.Driver_License_Expire_Date_Field}</arg>
<arg>10S</arg>
<doc>Waits until the element ``locator`` is visible.</doc>
<status status="PASS" start="2024-11-10T11:33:53.893590" elapsed="0.027227"/>
</kw>
<kw name="Sleep" owner="BuiltIn">
<msg time="2024-11-10T11:33:54.922092" level="INFO">Slept 1 second.</msg>
<arg>1s</arg>
<doc>Pauses the test executed for the given time.</doc>
<status status="PASS" start="2024-11-10T11:33:53.921125" elapsed="1.001464"/>
</kw>
<kw name="Input Text" owner="SeleniumLibrary">
<msg time="2024-11-10T11:33:54.924185" level="INFO">Typing text '2026-06-11' into text field '(//input[@class='oxd-input oxd-input--active' and @placeholder='yyyy-dd-mm'])[1]'.</msg>
<arg>${Register.Driver_License_Expire_Date_Field}</arg>
<arg>${DriverLicenseExpireDate}</arg>
<doc>Types the given ``text`` into the text field identified by ``locator``.</doc>
<status status="PASS" start="2024-11-10T11:33:54.923019" elapsed="0.212482"/>
</kw>
<kw name="Scroll Element Into View" owner="SeleniumLibrary">
<msg time="2024-11-10T11:33:55.252095" level="INFO" html="true">&lt;/td&gt;&lt;/tr&gt;&lt;tr&gt;&lt;td colspan="3"&gt;&lt;a href="selenium-screenshot-49.png"&gt;&lt;img src="selenium-screenshot-49.png" width="800px"&gt;&lt;/a&gt;</msg>
<msg time="2024-11-10T11:33:55.252562" level="FAIL">Element with locator '(//input[@class='oxd-input oxd-input--active' and @placeholder='yyyy-dd-mm'])[2]' not found.</msg>
<arg>${Register.Date_Of_Birth_Field}</arg>
<doc>Scrolls the element identified by ``locator`` into view.</doc>
<status status="FAIL" start="2024-11-10T11:33:55.135903" elapsed="0.125636">Element with locator '(//input[@class='oxd-input oxd-input--active' and @placeholder='yyyy-dd-mm'])[2]' not found.</status>
</kw>
<kw name="Input Text" owner="SeleniumLibrary">
<arg>${Register.Date_Of_Birth_Field}</arg>
<arg>${DateOfBirth}</arg>
<doc>Types the given ``text`` into the text field identified by ``locator``.</doc>
<status status="NOT RUN" start="2024-11-10T11:33:55.262286" elapsed="0.000311"/>
</kw>
<kw name="Click Element" owner="SeleniumLibrary">
<arg>${Register.Nationality_Field}</arg>
<doc>Click the element identified by ``locator``.</doc>
<status status="NOT RUN" start="2024-11-10T11:33:55.263086" elapsed="0.000247"/>
</kw>
<kw name="Sleep" owner="BuiltIn">
<arg>1s</arg>
<doc>Pauses the test executed for the given time.</doc>
<status status="NOT RUN" start="2024-11-10T11:33:55.263771" elapsed="0.000268"/>
</kw>
<for flavor="IN RANGE">
<iter>
<kw name="Press Key" owner="SeleniumLibrary">
<arg>${Register.Nationality_Field}</arg>
<arg>ARROW_DOWN</arg>
<doc>Simulates user pressing key on element identified by ``locator``.</doc>
<status status="NOT RUN" start="2024-11-10T11:33:55.266748" elapsed="0.000205"/>
</kw>
<var name="${i}"/>
<status status="NOT RUN" start="2024-11-10T11:33:55.265271" elapsed="0.001834"/>
</iter>
<var>${i}</var>
<value>4</value>
<status status="NOT RUN" start="2024-11-10T11:33:55.264390" elapsed="0.002850"/>
</for>
<kw name="Press Key" owner="SeleniumLibrary">
<arg>${Register.Nationality_Field}</arg>
<arg>ENTER</arg>
<doc>Simulates user pressing key on element identified by ``locator``.</doc>
<status status="NOT RUN" start="2024-11-10T11:33:55.267444" elapsed="0.000103"/>
</kw>
<status status="FAIL" start="2024-11-10T11:33:41.506419" elapsed="13.761315">Element with locator '(//input[@class='oxd-input oxd-input--active' and @placeholder='yyyy-dd-mm'])[2]' not found.</status>
</kw>
<kw name="I close opensource" owner="Login_Steps" type="TEARDOWN">
<kw name="Close Browser" owner="SeleniumLibrary">
<doc>Closes the current browser.</doc>
<status status="PASS" start="2024-11-10T11:33:55.278673" elapsed="2.235264"/>
</kw>
<status status="PASS" start="2024-11-10T11:33:55.277675" elapsed="2.237901"/>
</kw>
<status status="FAIL" start="2024-11-10T11:33:27.191116" elapsed="30.327522">Element with locator '(//input[@class='oxd-input oxd-input--active' and @placeholder='yyyy-dd-mm'])[2]' not found.</status>
</test>
<status status="FAIL" start="2024-11-10T11:33:26.950348" elapsed="30.570426"/>
</suite>
<statistics>
<total>
<stat pass="0" fail="1" skip="0">All Tests</stat>
</total>
<tag>
</tag>
<suite>
<stat pass="0" fail="1" skip="0" id="s1" name="TC02">TC02</stat>
</suite>
</statistics>
<errors>
</errors>
</robot>
